PhysicianReferApp/build/outputs/logs/manifest-merger-debug-report.txt
-- Merging decision tree log ---
manifest
ADDED from PhysicianReferApp\PhysicianReferApp\AndroidManifest.xml:2:1-45:12
	package
		ADDED from PhysicianReferApp\PhysicianReferApp\AndroidManifest.xml:3:5-31
	android:versionName
		ADDED from PhysicianReferApp\PhysicianReferApp\AndroidManifest.xml:5:5-30
		INJECTED from PhysicianReferApp\PhysicianReferApp\AndroidManifest.xml
		INJECTED from PhysicianReferApp\PhysicianReferApp\AndroidManifest.xml
	android:versionCode
		ADDED from PhysicianReferApp\PhysicianReferApp\AndroidManifest.xml:4:5-28
		INJECTED from PhysicianReferApp\PhysicianReferApp\AndroidManifest.xml
		INJECTED from PhysicianReferApp\PhysicianReferApp\AndroidManifest.xml
	xmlns:android
		ADDED from PhysicianReferApp\PhysicianReferApp\AndroidManifest.xml:2:11-69
uses-sdk
ADDED from PhysicianReferApp\PhysicianReferApp\AndroidManifest.xml:7:5-9:41
MERGED from [com.facebook.android:facebook-android-sdk:4.15.0] AndroidManifest.xml:24:5-26:41
MERGED from [com.android.support:cardview-v7:23.4.0] AndroidManifest.xml:20:5-43
MERGED from [com.android.support:support-v4:23.4.0] AndroidManifest.xml:20:5-43
MERGED from [com.android.support:customtabs:23.4.0] AndroidManifest.xml:20:5-44
MERGED from [com.android.support:support-v4:23.4.0] AndroidManifest.xml:20:5-43
	android:targetSdkVersion
		ADDED from PhysicianReferApp\PhysicianReferApp\AndroidManifest.xml:9:9-38
	android:minSdkVersion
		ADDED from PhysicianReferApp\PhysicianReferApp\AndroidManifest.xml:8:9-35
uses-permission#android.permission.INTERNET
ADDED from PhysicianReferApp\PhysicianReferApp\AndroidManifest.xml:11:5-67
	android:name
		ADDED from PhysicianReferApp\PhysicianReferApp\AndroidManifest.xml:11:22-64
android:uses-permission#android.permission.WRITE_EXTERNAL_STORAGE
ADDED from PhysicianReferApp\PhysicianReferApp\AndroidManifest.xml:14:5-89
	android:name
		ADDED from PhysicianReferApp\PhysicianReferApp\AndroidManifest.xml:14:30-86
android:uses-permission#android.permission.READ_PHONE_STATE
ADDED from PhysicianReferApp\PhysicianReferApp\AndroidManifest.xml:15:5-83
	android:name
		ADDED from PhysicianReferApp\PhysicianReferApp\AndroidManifest.xml:15:30-80
android:uses-permission#android.permission.READ_EXTERNAL_STORAGE
ADDED from PhysicianReferApp\PhysicianReferApp\AndroidManifest.xml:16:5-88
	android:name
		ADDED from PhysicianReferApp\PhysicianReferApp\AndroidManifest.xml:16:30-85
application
ADDED from PhysicianReferApp\PhysicianReferApp\AndroidManifest.xml:18:5-43:19
MERGED from [com.facebook.android:facebook-android-sdk:4.15.0] AndroidManifest.xml:28:5-38:19
MERGED from [com.android.support:cardview-v7:23.4.0] AndroidManifest.xml:22:5-20
MERGED from [com.android.support:support-v4:23.4.0] AndroidManifest.xml:22:5-20
MERGED from [com.android.support:customtabs:23.4.0] AndroidManifest.xml:22:5-20
MERGED from [com.android.support:support-v4:23.4.0] AndroidManifest.xml:22:5-20
	android:label
		ADDED from PhysicianReferApp\PhysicianReferApp\AndroidManifest.xml:21:9-41
	android:allowBackup
		ADDED from PhysicianReferApp\PhysicianReferApp\AndroidManifest.xml:19:9-35
	android:icon
		ADDED from PhysicianReferApp\PhysicianReferApp\AndroidManifest.xml:20:9-45
	android:theme
		ADDED from PhysicianReferApp\PhysicianReferApp\AndroidManifest.xml:22:9-40
meta-data#com.facebook.sdk.ApplicationId
ADDED from PhysicianReferApp\PhysicianReferApp\AndroidManifest.xml:23:9-25:55
	android:value
		ADDED from PhysicianReferApp\PhysicianReferApp\AndroidManifest.xml:25:13-52
	android:name
		ADDED from PhysicianReferApp\PhysicianReferApp\AndroidManifest.xml:24:13-58
activity#iatollion.com.tw.PhysicianActivity
ADDED from PhysicianReferApp\PhysicianReferApp\AndroidManifest.xml:27:9-35:20
	android:label
		ADDED from PhysicianReferApp\PhysicianReferApp\AndroidManifest.xml:29:13-45
	android:name
		ADDED from PhysicianReferApp\PhysicianReferApp\AndroidManifest.xml:28:13-46
intent-filter#android.intent.action.MAIN+android.intent.category.LAUNCHER
ADDED from PhysicianReferApp\PhysicianReferApp\AndroidManifest.xml:30:13-34:29
action#android.intent.action.MAIN
ADDED from PhysicianReferApp\PhysicianReferApp\AndroidManifest.xml:31:17-69
	android:name
		ADDED from PhysicianReferApp\PhysicianReferApp\AndroidManifest.xml:31:25-66
category#android.intent.category.LAUNCHER
ADDED from PhysicianReferApp\PhysicianReferApp\AndroidManifest.xml:33:17-77
	android:name
		ADDED from PhysicianReferApp\PhysicianReferApp\AndroidManifest.xml:33:27-74
activity#iatollion.com.tw.RegisterUserActivity
ADDED from PhysicianReferApp\PhysicianReferApp\AndroidManifest.xml:36:9-58
	android:name
		ADDED from PhysicianReferApp\PhysicianReferApp\AndroidManifest.xml:36:19-55
activity#com.facebook.FacebookActivity
ADDED from PhysicianReferApp\PhysicianReferApp\AndroidManifest.xml:37:9-41:75
MERGED from [com.facebook.android:facebook-android-sdk:4.15.0] AndroidManifest.xml:29:9-32:75
	android:label
		ADDED from PhysicianReferApp\PhysicianReferApp\AndroidManifest.xml:40:13-45
	android:configChanges
		ADDED from PhysicianReferApp\PhysicianReferApp\AndroidManifest.xml:39:13-96
	android:theme
		ADDED from PhysicianReferApp\PhysicianReferApp\AndroidManifest.xml:41:13-72
	android:name
		ADDED from PhysicianReferApp\PhysicianReferApp\AndroidManifest.xml:38:13-57
activity#iatollion.com.tw.FbLoginActivity
ADDED from PhysicianReferApp\PhysicianReferApp\AndroidManifest.xml:42:9-62
	android:name
		ADDED from PhysicianReferApp\PhysicianReferApp\AndroidManifest.xml:42:19-50
activity#com.facebook.CustomTabActivity
ADDED from [com.facebook.android:facebook-android-sdk:4.15.0] AndroidManifest.xml:33:9-36:20
	android:exported
		ADDED from [com.facebook.android:facebook-android-sdk:4.15.0] AndroidManifest.xml:35:13-36
	android:name
		ADDED from [com.facebook.android:facebook-android-sdk:4.15.0] AndroidManifest.xml:34:13-58
activity#com.facebook.CustomTabMainActivity
ADDED from [com.facebook.android:facebook-android-sdk:4.15.0] AndroidManifest.xml:37:9-71
	android:name
		ADDED from [com.facebook.android:facebook-android-sdk:4.15.0] AndroidManifest.xml:37:19-68